# JRE version: Java(TM) SE Runtime Environment (8.0_333-b02) (build 1.8.0_333-b02)
# Java VM: Java HotSpot(TM) 64-Bit Server VM (25.333-b02 mixed mode linux-amd64 compressed oops)
Heap:
 PSYoungGen      total 264192K, used 102506K [0x0000000580100000, 0x0000000593e80000, 0x0000000800000000)
  eden space 257536K, 39% used [0x0000000580100000,0x000000058651aa80,0x000000058fc80000)
  from space 6656K, 0% used [0x000000058fc80000,0x000000058fc80000,0x0000000590300000)
  to   space 33792K, 0% used [0x0000000591d80000,0x0000000591d80000,0x0000000593e80000)
 ParOldGen       total 1398272K, used 8219K [0x0000000080200000, 0x00000000d5780000, 0x0000000580100000)
  object space 1398272K, 0% used [0x0000000080200000,0x0000000080a06d08,0x00000000d5780000)
 Metaspace       used 11820K, capacity 12016K, committed 12160K, reserved 1060864K
  class space    used 1238K, capacity 1326K, committed 1408K, reserved 1048576K
GC Heap History (10 events):
Event: 605.525 GC heap before
{Heap before GC invocations=54 (full 8):
 PSYoungGen      total 282624K, used 267511K [0x0000000580100000, 0x0000000594880000, 0x0000000800000000)
  eden space 269824K, 99% used [0x0000000580100000,0x000000059063dfe8,0x0000000590880000)
  from space 12800K, 0% used [0x0000000590880000,0x0000000590880000,0x0000000591500000)
  to   space 32768K, 0% used [0x0000000592880000,0x0000000592880000,0x0000000594880000)
 ParOldGen       total 1398272K, used 14294K [0x0000000080200000, 0x00000000d5780000, 0x0000000580100000)
  object space 1398272K, 1% used [0x0000000080200000,0x0000000080ff5a08,0x00000000d5780000)
 Metaspace       used 11820K, capacity 12016K, committed 12160K, reserved 1060864K
  class space    used 1238K, capacity 1326K, committed 1408K, reserved 1048576K
Event: 605.553 GC heap after
Heap after GC invocations=54 (full 8):
 PSYoungGen      total 291328K, used 12246K [0x0000000580100000, 0x0000000594180000, 0x0000000800000000)
  eden space 265728K, 0% used [0x0000000580100000,0x0000000580100000,0x0000000590480000)
  from space 25600K, 47% used [0x0000000592880000,0x0000000593475820,0x0000000594180000)
  to   space 31232K, 0% used [0x0000000590480000,0x0000000590480000,0x0000000592300000)
 ParOldGen       total 1398272K, used 14294K [0x0000000080200000, 0x00000000d5780000, 0x0000000580100000)
  object space 1398272K, 1% used [0x0000000080200000,0x0000000080ff5a08,0x00000000d5780000)
 Metaspace       used 11820K, capacity 12016K, committed 12160K, reserved 1060864K
  class space    used 1238K, capacity 1326K, committed 1408K, reserved 1048576K
}
Event: 610.764 GC heap before
{Heap before GC invocations=55 (full 8):
 PSYoungGen      total 291328K, used 273237K [0x0000000580100000, 0x0000000594180000, 0x0000000800000000)
  eden space 265728K, 98% used [0x0000000580100000,0x000000058ffdff80,0x0000000590480000)
  from space 25600K, 47% used [0x0000000592880000,0x0000000593475820,0x0000000594180000)
  to   space 31232K, 0% used [0x0000000590480000,0x0000000590480000,0x0000000592300000)
 ParOldGen       total 1398272K, used 14294K [0x0000000080200000, 0x00000000d5780000, 0x0000000580100000)
  object space 1398272K, 1% used [0x0000000080200000,0x0000000080ff5a08,0x00000000d5780000)
 Metaspace       used 11820K, capacity 12016K, committed 12160K, reserved 1060864K
  class space    used 1238K, capacity 1326K, committed 1408K, reserved 1048576K
Event: 610.774 GC heap after
Heap after GC invocations=55 (full 8):
 PSYoungGen      total 280064K, used 18385K [0x0000000580100000, 0x0000000593f80000, 0x0000000800000000)
  eden space 261632K, 0% used [0x0000000580100000,0x0000000580100000,0x0000000590080000)
  from space 18432K, 99% used [0x0000000590480000,0x0000000591674430,0x0000000591680000)
  to   space 32256K, 0% used [0x0000000592000000,0x0000000592000000,0x0000000593f80000)
 ParOldGen       total 1398272K, used 14294K [0x0000000080200000, 0x00000000d5780000, 0x0000000580100000)
  object space 1398272K, 1% used [0x0000000080200000,0x0000000080ff5a08,0x00000000d5780000)
 Metaspace       used 11820K, capacity 12016K, committed 12160K, reserved 1060864K
  class space    used 1238K, capacity 1326K, committed 1408K, reserved 1048576K
}
Event: 615.601 GC heap before
{Heap before GC invocations=56 (full 8):
 PSYoungGen      total 280064K, used 279067K [0x0000000580100000, 0x0000000593f80000, 0x0000000800000000)
  eden space 261632K, 99% used [0x0000000580100000,0x000000058ff928b8,0x0000000590080000)
  from space 18432K, 99% used [0x0000000590480000,0x0000000591674430,0x0000000591680000)
  to   space 32256K, 0% used [0x0000000592000000,0x0000000592000000,0x0000000593f80000)
 ParOldGen       total 1398272K, used 14294K [0x0000000080200000, 0x00000000d5780000, 0x0000000580100000)
  object space 1398272K, 1% used [0x0000000080200000,0x0000000080ff5a08,0x00000000d5780000)
 Metaspace       used 11820K, capacity 12016K, committed 12160K, reserved 1060864K
  class space    used 1238K, capacity 1326K, committed 1408K, reserved 1048576K
Event: 615.629 GC heap after
Heap after GC invocations=56 (full 8):
 PSYoungGen      total 289792K, used 24524K [0x0000000580100000, 0x0000000594080000, 0x0000000800000000)
  eden space 257536K, 0% used [0x0000000580100000,0x0000000580100000,0x000000058fc80000)
  from space 32256K, 76% used [0x0000000592000000,0x00000005937f3040,0x0000000593f80000)
  to   space 34816K, 0% used [0x000000058fc80000,0x000000058fc80000,0x0000000591e80000)
 ParOldGen       total 1398272K, used 14294K [0x0000000080200000, 0x00000000d5780000, 0x0000000580100000)
  object space 1398272K, 1% used [0x0000000080200000,0x0000000080ff5a08,0x00000000d5780000)
 Metaspace       used 11820K, capacity 12016K, committed 12160K, reserved 1060864K
  class space    used 1238K, capacity 1326K, committed 1408K, reserved 1048576K
}
Event: 615.687 GC heap before
{Heap before GC invocations=57 (full 8):
 PSYoungGen      total 289792K, used 32901K [0x0000000580100000, 0x0000000594080000, 0x0000000800000000)
  eden space 257536K, 3% used [0x0000000580100000,0x000000058092e600,0x000000058fc80000)
  from space 32256K, 76% used [0x0000000592000000,0x00000005937f3040,0x0000000593f80000)
  to   space 34816K, 0% used [0x000000058fc80000,0x000000058fc80000,0x0000000591e80000)
 ParOldGen       total 1398272K, used 14294K [0x0000000080200000, 0x00000000d5780000, 0x0000000580100000)
  object space 1398272K, 1% used [0x0000000080200000,0x0000000080ff5a08,0x00000000d5780000)
 Metaspace       used 11820K, capacity 12016K, committed 12160K, reserved 1060864K
  class space    used 1238K, capacity 1326K, committed 1408K, reserved 1048576K
Event: 615.696 GC heap after
Heap after GC invocations=57 (full 8):
 PSYoungGen      total 264192K, used 6235K [0x0000000580100000, 0x0000000593e80000, 0x0000000800000000)
  eden space 257536K, 0% used [0x0000000580100000,0x0000000580100000,0x000000058fc80000)
  from space 6656K, 93% used [0x000000058fc80000,0x0000000590296c10,0x0000000590300000)
  to   space 33792K, 0% used [0x0000000591d80000,0x0000000591d80000,0x0000000593e80000)
 ParOldGen       total 1398272K, used 14326K [0x0000000080200000, 0x00000000d5780000, 0x0000000580100000)
  object space 1398272K, 1% used [0x0000000080200000,0x0000000080ffda08,0x00000000d5780000)
 Metaspace       used 11820K, capacity 12016K, committed 12160K, reserved 1060864K
  class space    used 1238K, capacity 1326K, committed 1408K, reserved 1048576K
}
Event: 615.696 GC heap before
{Heap before GC invocations=58 (full 9):
 PSYoungGen      total 264192K, used 6235K [0x0000000580100000, 0x0000000593e80000, 0x0000000800000000)
  eden space 257536K, 0% used [0x0000000580100000,0x0000000580100000,0x000000058fc80000)
  from space 6656K, 93% used [0x000000058fc80000,0x0000000590296c10,0x0000000590300000)
  to   space 33792K, 0% used [0x0000000591d80000,0x0000000591d80000,0x0000000593e80000)
 ParOldGen       total 1398272K, used 14326K [0x0000000080200000, 0x00000000d5780000, 0x0000000580100000)
  object space 1398272K, 1% used [0x0000000080200000,0x0000000080ffda08,0x00000000d5780000)
 Metaspace       used 11820K, capacity 12016K, committed 12160K, reserved 1060864K
  class space    used 1238K, capacity 1326K, committed 1408K, reserved 1048576K
Event: 615.748 GC heap after
Heap after GC invocations=58 (full 9):
 PSYoungGen      total 264192K, used 0K [0x0000000580100000, 0x0000000593e80000, 0x0000000800000000)
  eden space 257536K, 0% used [0x0000000580100000,0x0000000580100000,0x000000058fc80000)
  from space 6656K, 0% used [0x000000058fc80000,0x000000058fc80000,0x0000000590300000)
  to   space 33792K, 0% used [0x0000000591d80000,0x0000000591d80000,0x0000000593e80000)
 ParOldGen       total 1398272K, used 8219K [0x0000000080200000, 0x00000000d5780000, 0x0000000580100000)
  object space 1398272K, 0% used [0x0000000080200000,0x0000000080a06d08,0x00000000d5780000)
 Metaspace       used 11820K, capacity 12016K, committed 12160K, reserved 1060864K
  class space    used 1238K, capacity 1326K, committed 1408K, reserved 1048576K
}

