# JRE version: Java(TM) SE Runtime Environment (8.0_333-b02) (build 1.8.0_333-b02)
# Java VM: Java HotSpot(TM) 64-Bit Server VM (25.333-b02 mixed mode linux-amd64 compressed oops)
Heap:
 PSYoungGen      total 145920K, used 51211K [0x0000000580100000, 0x000000058c000000, 0x0000000800000000)
  eden space 133120K, 38% used [0x0000000580100000,0x0000000583302f18,0x0000000588300000)
  from space 12800K, 0% used [0x0000000588300000,0x0000000588300000,0x0000000588f80000)
  to   space 31232K, 0% used [0x000000058a180000,0x000000058a180000,0x000000058c000000)
 ParOldGen       total 1398272K, used 14328K [0x0000000080200000, 0x00000000d5780000, 0x0000000580100000)
  object space 1398272K, 1% used [0x0000000080200000,0x0000000080ffe140,0x00000000d5780000)
 Metaspace       used 11954K, capacity 12176K, committed 12416K, reserved 1060864K
  class space    used 1258K, capacity 1358K, committed 1408K, reserved 1048576K
GC Heap History (10 events):
Event: 16110.006 GC heap before
{Heap before GC invocations=416 (full 93):
 PSYoungGen      total 159232K, used 39530K [0x0000000580100000, 0x000000058d980000, 0x0000000800000000)
  eden space 134144K, 11% used [0x0000000580100000,0x0000000580f6f910,0x0000000588400000)
  from space 25088K, 98% used [0x000000058c100000,0x000000058d92b040,0x000000058d980000)
  to   space 36864K, 0% used [0x0000000589180000,0x0000000589180000,0x000000058b580000)
 ParOldGen       total 1398272K, used 8252K [0x0000000080200000, 0x00000000d5780000, 0x0000000580100000)
  object space 1398272K, 0% used [0x0000000080200000,0x0000000080a0f388,0x00000000d5780000)
 Metaspace       used 11954K, capacity 12176K, committed 12416K, reserved 1060864K
  class space    used 1258K, capacity 1358K, committed 1408K, reserved 1048576K
Event: 16110.017 GC heap after
Heap after GC invocations=416 (full 93):
 PSYoungGen      total 146944K, used 12342K [0x0000000580100000, 0x000000058c700000, 0x0000000800000000)
  eden space 134144K, 0% used [0x0000000580100000,0x0000000580100000,0x0000000588400000)
  from space 12800K, 96% used [0x0000000589180000,0x0000000589d8d820,0x0000000589e00000)
  to   space 34304K, 0% used [0x000000058a580000,0x000000058a580000,0x000000058c700000)
 ParOldGen       total 1398272K, used 8284K [0x0000000080200000, 0x00000000d5780000, 0x0000000580100000)
  object space 1398272K, 0% used [0x0000000080200000,0x0000000080a17388,0x00000000d5780000)
 Metaspace       used 11954K, capacity 12176K, committed 12416K, reserved 1060864K
  class space    used 1258K, capacity 1358K, committed 1408K, reserved 1048576K
}
Event: 16110.017 GC heap before
{Heap before GC invocations=417 (full 94):
 PSYoungGen      total 146944K, used 12342K [0x0000000580100000, 0x000000058c700000, 0x0000000800000000)
  eden space 134144K, 0% used [0x0000000580100000,0x0000000580100000,0x0000000588400000)
  from space 12800K, 96% used [0x0000000589180000,0x0000000589d8d820,0x0000000589e00000)
  to   space 34304K, 0% used [0x000000058a580000,0x000000058a580000,0x000000058c700000)
 ParOldGen       total 1398272K, used 8284K [0x0000000080200000, 0x00000000d5780000, 0x0000000580100000)
  object space 1398272K, 0% used [0x0000000080200000,0x0000000080a17388,0x00000000d5780000)
 Metaspace       used 11954K, capacity 12176K, committed 12416K, reserved 1060864K
  class space    used 1258K, capacity 1358K, committed 1408K, reserved 1048576K
Event: 16110.086 GC heap after
Heap after GC invocations=417 (full 94):
 PSYoungGen      total 146944K, used 0K [0x0000000580100000, 0x000000058c700000, 0x0000000800000000)
  eden space 134144K, 0% used [0x0000000580100000,0x0000000580100000,0x0000000588400000)
  from space 12800K, 0% used [0x0000000589180000,0x0000000589180000,0x0000000589e00000)
  to   space 34304K, 0% used [0x000000058a580000,0x000000058a580000,0x000000058c700000)
 ParOldGen       total 1398272K, used 14328K [0x0000000080200000, 0x00000000d5780000, 0x0000000580100000)
  object space 1398272K, 1% used [0x0000000080200000,0x0000000080ffe0e0,0x00000000d5780000)
 Metaspace       used 11954K, capacity 12176K, committed 12416K, reserved 1060864K
  class space    used 1258K, capacity 1358K, committed 1408K, reserved 1048576K
}
Event: 16112.393 GC heap before
{Heap before GC invocations=418 (full 94):
 PSYoungGen      total 146944K, used 130207K [0x0000000580100000, 0x000000058c700000, 0x0000000800000000)
  eden space 134144K, 97% used [0x0000000580100000,0x0000000588027e88,0x0000000588400000)
  from space 12800K, 0% used [0x0000000589180000,0x0000000589180000,0x0000000589e00000)
  to   space 34304K, 0% used [0x000000058a580000,0x000000058a580000,0x000000058c700000)
 ParOldGen       total 1398272K, used 14328K [0x0000000080200000, 0x00000000d5780000, 0x0000000580100000)
  object space 1398272K, 1% used [0x0000000080200000,0x0000000080ffe0e0,0x00000000d5780000)
 Metaspace       used 11954K, capacity 12176K, committed 12416K, reserved 1060864K
  class space    used 1258K, capacity 1358K, committed 1408K, reserved 1048576K
Event: 16112.404 GC heap after
Heap after GC invocations=418 (full 94):
 PSYoungGen      total 164352K, used 6619K [0x0000000580100000, 0x000000058c400000, 0x0000000800000000)
  eden space 133120K, 0% used [0x0000000580100000,0x0000000580100000,0x0000000588300000)
  from space 31232K, 21% used [0x000000058a580000,0x000000058abf6c10,0x000000058c400000)
  to   space 33280K, 0% used [0x0000000588300000,0x0000000588300000,0x000000058a380000)
 ParOldGen       total 1398272K, used 14328K [0x0000000080200000, 0x00000000d5780000, 0x0000000580100000)
  object space 1398272K, 1% used [0x0000000080200000,0x0000000080ffe0e0,0x00000000d5780000)
 Metaspace       used 11954K, capacity 12176K, committed 12416K, reserved 1060864K
  class space    used 1258K, capacity 1358K, committed 1408K, reserved 1048576K
}
Event: 16112.453 GC heap before
{Heap before GC invocations=419 (full 94):
 PSYoungGen      total 164352K, used 27455K [0x0000000580100000, 0x000000058c400000, 0x0000000800000000)
  eden space 133120K, 15% used [0x0000000580100000,0x0000000581559298,0x0000000588300000)
  from space 31232K, 21% used [0x000000058a580000,0x000000058abf6c10,0x000000058c400000)
  to   space 33280K, 0% used [0x0000000588300000,0x0000000588300000,0x000000058a380000)
 ParOldGen       total 1398272K, used 14328K [0x0000000080200000, 0x00000000d5780000, 0x0000000580100000)
  object space 1398272K, 1% used [0x0000000080200000,0x0000000080ffe0e0,0x00000000d5780000)
 Metaspace       used 11954K, capacity 12176K, committed 12416K, reserved 1060864K
  class space    used 1258K, capacity 1358K, committed 1408K, reserved 1048576K
Event: 16112.498 GC heap after
Heap after GC invocations=419 (full 94):
 PSYoungGen      total 145920K, used 12374K [0x0000000580100000, 0x000000058c000000, 0x0000000800000000)
  eden space 133120K, 0% used [0x0000000580100000,0x0000000580100000,0x0000000588300000)
  from space 12800K, 96% used [0x0000000588300000,0x0000000588f15820,0x0000000588f80000)
  to   space 31232K, 0% used [0x000000058a180000,0x000000058a180000,0x000000058c000000)
 ParOldGen       total 1398272K, used 14376K [0x0000000080200000, 0x00000000d5780000, 0x0000000580100000)
  object space 1398272K, 1% used [0x0000000080200000,0x000000008100a0e0,0x00000000d5780000)
 Metaspace       used 11954K, capacity 12176K, committed 12416K, reserved 1060864K
  class space    used 1258K, capacity 1358K, committed 1408K, reserved 1048576K
}
Event: 16112.498 GC heap before
{Heap before GC invocations=420 (full 95):
 PSYoungGen      total 145920K, used 12374K [0x0000000580100000, 0x000000058c000000, 0x0000000800000000)
  eden space 133120K, 0% used [0x0000000580100000,0x0000000580100000,0x0000000588300000)
  from space 12800K, 96% used [0x0000000588300000,0x0000000588f15820,0x0000000588f80000)
  to   space 31232K, 0% used [0x000000058a180000,0x000000058a180000,0x000000058c000000)
 ParOldGen       total 1398272K, used 14376K [0x0000000080200000, 0x00000000d5780000, 0x0000000580100000)
  object space 1398272K, 1% used [0x0000000080200000,0x000000008100a0e0,0x00000000d5780000)
 Metaspace       used 11954K, capacity 12176K, committed 12416K, reserved 1060864K
  class space    used 1258K, capacity 1358K, committed 1408K, reserved 1048576K
Event: 16112.555 GC heap after
Heap after GC invocations=420 (full 95):
 PSYoungGen      total 145920K, used 0K [0x0000000580100000, 0x000000058c000000, 0x0000000800000000)
  eden space 133120K, 0% used [0x0000000580100000,0x0000000580100000,0x0000000588300000)
  from space 12800K, 0% used [0x0000000588300000,0x0000000588300000,0x0000000588f80000)
  to   space 31232K, 0% used [0x000000058a180000,0x000000058a180000,0x000000058c000000)
 ParOldGen       total 1398272K, used 14328K [0x0000000080200000, 0x00000000d5780000, 0x0000000580100000)
  object space 1398272K, 1% used [0x0000000080200000,0x0000000080ffe140,0x00000000d5780000)
 Metaspace       used 11954K, capacity 12176K, committed 12416K, reserved 1060864K
  class space    used 1258K, capacity 1358K, committed 1408K, reserved 1048576K
}

