# JRE version: Java(TM) SE Runtime Environment (8.0_333-b02) (build 1.8.0_333-b02)
# Java VM: Java HotSpot(TM) 64-Bit Server VM (25.333-b02 mixed mode linux-amd64 compressed oops)
Heap:
 PSYoungGen      total 366080K, used 43508K [0x0000000580100000, 0x0000000599700000, 0x0000000800000000)
  eden space 359424K, 12% used [0x0000000580100000,0x0000000582b7d318,0x0000000596000000)
  from space 6656K, 0% used [0x0000000596000000,0x0000000596000000,0x0000000596680000)
  to   space 28160K, 0% used [0x0000000597b80000,0x0000000597b80000,0x0000000599700000)
 ParOldGen       total 1398272K, used 8097K [0x0000000080200000, 0x00000000d5780000, 0x0000000580100000)
  object space 1398272K, 0% used [0x0000000080200000,0x00000000809e8720,0x00000000d5780000)
 Metaspace       used 10864K, capacity 11088K, committed 11264K, reserved 1058816K
  class space    used 1140K, capacity 1230K, committed 1280K, reserved 1048576K
GC Heap History (10 events):
Event: 318.525 GC heap before
{Heap before GC invocations=53 (full 16):
 PSYoungGen      total 386048K, used 15602K [0x0000000580100000, 0x0000000599c00000, 0x0000000800000000)
  eden space 366592K, 4% used [0x0000000580100000,0x0000000580ffca88,0x0000000596700000)
  from space 19456K, 1% used [0x0000000598900000,0x0000000598940000,0x0000000599c00000)
  to   space 27136K, 0% used [0x0000000596700000,0x0000000596700000,0x0000000598180000)
 ParOldGen       total 1398272K, used 14163K [0x0000000080200000, 0x00000000d5780000, 0x0000000580100000)
  object space 1398272K, 1% used [0x0000000080200000,0x0000000080fd4f50,0x00000000d5780000)
 Metaspace       used 10864K, capacity 11088K, committed 11264K, reserved 1058816K
  class space    used 1140K, capacity 1230K, committed 1280K, reserved 1048576K
Event: 318.580 GC heap after
Heap after GC invocations=53 (full 16):
 PSYoungGen      total 373248K, used 6235K [0x0000000580100000, 0x0000000599900000, 0x0000000800000000)
  eden space 366592K, 0% used [0x0000000580100000,0x0000000580100000,0x0000000596700000)
  from space 6656K, 93% used [0x0000000596700000,0x0000000596d16c10,0x0000000596d80000)
  to   space 25600K, 0% used [0x0000000598000000,0x0000000598000000,0x0000000599900000)
 ParOldGen       total 1398272K, used 14179K [0x0000000080200000, 0x00000000d5780000, 0x0000000580100000)
  object space 1398272K, 1% used [0x0000000080200000,0x0000000080fd8f50,0x00000000d5780000)
 Metaspace       used 10864K, capacity 11088K, committed 11264K, reserved 1058816K
  class space    used 1140K, capacity 1230K, committed 1280K, reserved 1048576K
}
Event: 318.580 GC heap before
{Heap before GC invocations=54 (full 17):
 PSYoungGen      total 373248K, used 6235K [0x0000000580100000, 0x0000000599900000, 0x0000000800000000)
  eden space 366592K, 0% used [0x0000000580100000,0x0000000580100000,0x0000000596700000)
  from space 6656K, 93% used [0x0000000596700000,0x0000000596d16c10,0x0000000596d80000)
  to   space 25600K, 0% used [0x0000000598000000,0x0000000598000000,0x0000000599900000)
 ParOldGen       total 1398272K, used 14179K [0x0000000080200000, 0x00000000d5780000, 0x0000000580100000)
  object space 1398272K, 1% used [0x0000000080200000,0x0000000080fd8f50,0x00000000d5780000)
 Metaspace       used 10864K, capacity 11088K, committed 11264K, reserved 1058816K
  class space    used 1140K, capacity 1230K, committed 1280K, reserved 1048576K
Event: 318.670 GC heap after
Heap after GC invocations=54 (full 17):
 PSYoungGen      total 373248K, used 0K [0x0000000580100000, 0x0000000599900000, 0x0000000800000000)
  eden space 366592K, 0% used [0x0000000580100000,0x0000000580100000,0x0000000596700000)
  from space 6656K, 0% used [0x0000000596700000,0x0000000596700000,0x0000000596d80000)
  to   space 25600K, 0% used [0x0000000598000000,0x0000000598000000,0x0000000599900000)
 ParOldGen       total 1398272K, used 8088K [0x0000000080200000, 0x00000000d5780000, 0x0000000580100000)
  object space 1398272K, 0% used [0x0000000080200000,0x00000000809e6138,0x00000000d5780000)
 Metaspace       used 10864K, capacity 11088K, committed 11264K, reserved 1058816K
  class space    used 1140K, capacity 1230K, committed 1280K, reserved 1048576K
}
Event: 325.195 GC heap before
{Heap before GC invocations=55 (full 17):
 PSYoungGen      total 373248K, used 365630K [0x0000000580100000, 0x0000000599900000, 0x0000000800000000)
  eden space 366592K, 99% used [0x0000000580100000,0x000000059660fae0,0x0000000596700000)
  from space 6656K, 0% used [0x0000000596700000,0x0000000596700000,0x0000000596d80000)
  to   space 25600K, 0% used [0x0000000598000000,0x0000000598000000,0x0000000599900000)
 ParOldGen       total 1398272K, used 8088K [0x0000000080200000, 0x00000000d5780000, 0x0000000580100000)
  object space 1398272K, 0% used [0x0000000080200000,0x00000000809e6138,0x00000000d5780000)
 Metaspace       used 10864K, capacity 11088K, committed 11264K, reserved 1058816K
  class space    used 1140K, capacity 1230K, committed 1280K, reserved 1048576K
Event: 325.239 GC heap after
Heap after GC invocations=55 (full 17):
 PSYoungGen      total 385024K, used 24556K [0x0000000580100000, 0x0000000599a00000, 0x0000000800000000)
  eden space 359424K, 0% used [0x0000000580100000,0x0000000580100000,0x0000000596000000)
  from space 25600K, 95% used [0x0000000598000000,0x00000005997fb040,0x0000000599900000)
  to   space 29696K, 0% used [0x0000000596000000,0x0000000596000000,0x0000000597d00000)
 ParOldGen       total 1398272K, used 32388K [0x0000000080200000, 0x00000000d5780000, 0x0000000580100000)
  object space 1398272K, 2% used [0x0000000080200000,0x00000000821a1178,0x00000000d5780000)
 Metaspace       used 10864K, capacity 11088K, committed 11264K, reserved 1058816K
  class space    used 1140K, capacity 1230K, committed 1280K, reserved 1048576K
}
Event: 325.338 GC heap before
{Heap before GC invocations=56 (full 17):
 PSYoungGen      total 385024K, used 37689K [0x0000000580100000, 0x0000000599a00000, 0x0000000800000000)
  eden space 359424K, 3% used [0x0000000580100000,0x0000000580dd36e8,0x0000000596000000)
  from space 25600K, 95% used [0x0000000598000000,0x00000005997fb040,0x0000000599900000)
  to   space 29696K, 0% used [0x0000000596000000,0x0000000596000000,0x0000000597d00000)
 ParOldGen       total 1398272K, used 32388K [0x0000000080200000, 0x00000000d5780000, 0x0000000580100000)
  object space 1398272K, 2% used [0x0000000080200000,0x00000000821a1178,0x00000000d5780000)
 Metaspace       used 10864K, capacity 11088K, committed 11264K, reserved 1058816K
  class space    used 1140K, capacity 1230K, committed 1280K, reserved 1048576K
Event: 325.356 GC heap after
Heap after GC invocations=56 (full 17):
 PSYoungGen      total 366080K, used 6235K [0x0000000580100000, 0x0000000599700000, 0x0000000800000000)
  eden space 359424K, 0% used [0x0000000580100000,0x0000000580100000,0x0000000596000000)
  from space 6656K, 93% used [0x0000000596000000,0x0000000596616c10,0x0000000596680000)
  to   space 28160K, 0% used [0x0000000597b80000,0x0000000597b80000,0x0000000599700000)
 ParOldGen       total 1398272K, used 32436K [0x0000000080200000, 0x00000000d5780000, 0x0000000580100000)
  object space 1398272K, 2% used [0x0000000080200000,0x00000000821ad0c8,0x00000000d5780000)
 Metaspace       used 10864K, capacity 11088K, committed 11264K, reserved 1058816K
  class space    used 1140K, capacity 1230K, committed 1280K, reserved 1048576K
}
Event: 325.356 GC heap before
{Heap before GC invocations=57 (full 18):
 PSYoungGen      total 366080K, used 6235K [0x0000000580100000, 0x0000000599700000, 0x0000000800000000)
  eden space 359424K, 0% used [0x0000000580100000,0x0000000580100000,0x0000000596000000)
  from space 6656K, 93% used [0x0000000596000000,0x0000000596616c10,0x0000000596680000)
  to   space 28160K, 0% used [0x0000000597b80000,0x0000000597b80000,0x0000000599700000)
 ParOldGen       total 1398272K, used 32436K [0x0000000080200000, 0x00000000d5780000, 0x0000000580100000)
  object space 1398272K, 2% used [0x0000000080200000,0x00000000821ad0c8,0x00000000d5780000)
 Metaspace       used 10864K, capacity 11088K, committed 11264K, reserved 1058816K
  class space    used 1140K, capacity 1230K, committed 1280K, reserved 1048576K
Event: 325.391 GC heap after
Heap after GC invocations=57 (full 18):
 PSYoungGen      total 366080K, used 0K [0x0000000580100000, 0x0000000599700000, 0x0000000800000000)
  eden space 359424K, 0% used [0x0000000580100000,0x0000000580100000,0x0000000596000000)
  from space 6656K, 0% used [0x0000000596000000,0x0000000596000000,0x0000000596680000)
  to   space 28160K, 0% used [0x0000000597b80000,0x0000000597b80000,0x0000000599700000)
 ParOldGen       total 1398272K, used 8097K [0x0000000080200000, 0x00000000d5780000, 0x0000000580100000)
  object space 1398272K, 0% used [0x0000000080200000,0x00000000809e8720,0x00000000d5780000)
 Metaspace       used 10864K, capacity 11088K, committed 11264K, reserved 1058816K
  class space    used 1140K, capacity 1230K, committed 1280K, reserved 1048576K
}

